  menu_functions.cpp
D:\Dev\Software_architecture_lab\Software_architecture\menu_functions.cpp(50,18): warning C4244: аргумент: преобразование "int" в "_Ty", возможна потеря данных
          with
          [
              _Ty=float
          ]
D:\Dev\Software_architecture_lab\Software_architecture\menu_functions.cpp(149,65): warning C4244: аргумент: преобразование "double" в "unsigned int", возможна потеря данных
D:\Dev\Software_architecture_lab\Software_architecture\menu_functions.cpp(149,45): warning C4244: аргумент: преобразование "double" в "unsigned int", возможна потеря данных
D:\Dev\Software_architecture_lab\Software_architecture\menu_functions.cpp(167,33): warning C4244: аргумент: преобразование "double" в "T", возможна потеря данных
          with
          [
              T=float
          ]
D:\Dev\Software_architecture_lab\Software_architecture\menu_functions.cpp(168,54): warning C4244: аргумент: преобразование "unsigned int" в "T", возможна потеря данных
          with
          [
              T=float
          ]
D:\Dev\Software_architecture_lab\Software_architecture\menu_functions.cpp(168,33): warning C4244: аргумент: преобразование "double" в "T", возможна потеря данных
          with
          [
              T=float
          ]
D:\Dev\Software_architecture_lab\Software_architecture\menu_functions.cpp(173,28): warning C4244: аргумент: преобразование "double" в "T", возможна потеря данных
          with
          [
              T=float
          ]
D:\Dev\Software_architecture_lab\Software_architecture\menu_functions.cpp(174,38): warning C4244: аргумент: преобразование "double" в "T", возможна потеря данных
          with
          [
              T=float
          ]
D:\Dev\Software_architecture_lab\Software_architecture\menu_functions.cpp(174,19): warning C4244: аргумент: преобразование "unsigned int" в "T", возможна потеря данных
          with
          [
              T=float
          ]
D:\Dev\Software_architecture_lab\Software_architecture\menu_functions.cpp(179,37): warning C4244: аргумент: преобразование "double" в "unsigned int", возможна потеря данных
D:\Dev\Software_architecture_lab\Software_architecture\menu_functions.cpp(182,69): warning C4244: аргумент: преобразование "double" в "float", возможна потеря данных
D:\Dev\Software_architecture_lab\Software_architecture\menu_functions.cpp(182,32): warning C4244: аргумент: преобразование "double" в "float", возможна потеря данных
D:\Dev\Software_architecture_lab\Software_architecture\menu_functions.cpp(185,53): warning C4244: аргумент: преобразование "double" в "float", возможна потеря данных
D:\Dev\Software_architecture_lab\Software_architecture\menu_functions.cpp(185,32): warning C4244: аргумент: преобразование "double" в "float", возможна потеря данных
D:\Dev\Software_architecture_lab\Software_architecture\menu_functions.cpp(192,32): warning C4244: аргумент: преобразование "double" в "unsigned int", возможна потеря данных
D:\Dev\Software_architecture_lab\Software_architecture\menu_functions.cpp(197,65): warning C4244: аргумент: преобразование "double" в "float", возможна потеря данных
D:\Dev\Software_architecture_lab\Software_architecture\menu_functions.cpp(197,28): warning C4244: аргумент: преобразование "double" в "float", возможна потеря данных
D:\Dev\Software_architecture_lab\Software_architecture\menu_functions.cpp(204,71): warning C4244: аргумент: преобразование "double" в "float", возможна потеря данных
D:\Dev\Software_architecture_lab\Software_architecture\menu_functions.cpp(204,49): warning C4244: аргумент: преобразование "double" в "float", возможна потеря данных
D:\Dev\Software_architecture_lab\Software_architecture\menu_functions.cpp(209,84): warning C4244: аргумент: преобразование "double" в "float", возможна потеря данных
D:\Dev\Software_architecture_lab\Software_architecture\menu_functions.cpp(209,29): warning C4244: аргумент: преобразование "double" в "float", возможна потеря данных
D:\Dev\Software_architecture_lab\Software_architecture\menu_functions.cpp(216,74): warning C4244: аргумент: преобразование "double" в "float", возможна потеря данных
D:\Dev\Software_architecture_lab\Software_architecture\menu_functions.cpp(216,48): warning C4244: аргумент: преобразование "double" в "float", возможна потеря данных
D:\Dev\Software_architecture_lab\Software_architecture\menu_functions.cpp(220,13): warning C4244: инициализация: преобразование "double" в "float", возможна потеря данных
D:\Dev\Software_architecture_lab\Software_architecture\menu_functions.cpp(222,85): warning C4244: аргумент: преобразование "double" в "float", возможна потеря данных
D:\Dev\Software_architecture_lab\Software_architecture\menu_functions.cpp(222,28): warning C4244: аргумент: преобразование "double" в "float", возможна потеря данных
D:\Dev\Software_architecture_lab\Software_architecture\menu_functions.cpp(229,96): warning C4244: аргумент: преобразование "double" в "T", возможна потеря данных
          with
          [
              T=float
          ]
D:\Dev\Software_architecture_lab\Software_architecture\menu_functions.cpp(229,74): warning C4244: аргумент: преобразование "double" в "T", возможна потеря данных
          with
          [
              T=float
          ]
D:\Dev\Software_architecture_lab\Software_architecture\menu_functions.cpp(230,96): warning C4244: аргумент: преобразование "double" в "T", возможна потеря данных
          with
          [
              T=float
          ]
D:\Dev\Software_architecture_lab\Software_architecture\menu_functions.cpp(230,74): warning C4244: аргумент: преобразование "double" в "T", возможна потеря данных
          with
          [
              T=float
          ]
D:\Dev\Software_architecture_lab\Software_architecture\menu_functions.cpp(234,110): warning C4244: аргумент: преобразование "double" в "T", возможна потеря данных
          with
          [
              T=float
          ]
D:\Dev\Software_architecture_lab\Software_architecture\menu_functions.cpp(234,54): warning C4244: аргумент: преобразование "double" в "T", возможна потеря данных
          with
          [
              T=float
          ]
D:\Dev\Software_architecture_lab\Software_architecture\menu_functions.cpp(235,110): warning C4244: аргумент: преобразование "double" в "T", возможна потеря данных
          with
          [
              T=float
          ]
D:\Dev\Software_architecture_lab\Software_architecture\menu_functions.cpp(235,54): warning C4244: аргумент: преобразование "double" в "T", возможна потеря данных
          with
          [
              T=float
          ]
D:\Dev\Software_architecture_lab\Software_architecture\menu_functions.cpp(242,15): warning C4244: инициализация: преобразование "double" в "float", возможна потеря данных
D:\Dev\Software_architecture_lab\Software_architecture\menu_functions.cpp(243,15): warning C4244: инициализация: преобразование "double" в "float", возможна потеря данных
D:\Dev\Software_architecture_lab\Software_architecture\menu_functions.cpp(245,48): warning C4244: аргумент: преобразование "double" в "T", возможна потеря данных
          with
          [
              T=float
          ]
D:\Dev\Software_architecture_lab\Software_architecture\menu_functions.cpp(246,52): warning C4244: аргумент: преобразование "double" в "T", возможна потеря данных
          with
          [
              T=float
          ]
D:\Dev\Software_architecture_lab\Software_architecture\menu_functions.cpp(247,41): warning C4244: аргумент: преобразование "double" в "T", возможна потеря данных
          with
          [
              T=float
          ]
D:\Dev\Software_architecture_lab\Software_architecture\menu_functions.cpp(248,45): warning C4244: аргумент: преобразование "double" в "T", возможна потеря данных
          with
          [
              T=float
          ]
D:\Dev\Software_architecture_lab\Software_architecture\menu_functions.cpp(257,69): warning C4244: аргумент: преобразование "double" в "T", возможна потеря данных
          with
          [
              T=float
          ]
D:\Dev\Software_architecture_lab\Software_architecture\menu_functions.cpp(257,42): warning C4244: аргумент: преобразование "double" в "T", возможна потеря данных
          with
          [
              T=float
          ]
D:\Dev\Software_architecture_lab\Software_architecture\menu_functions.cpp(259,106): warning C4244: аргумент: преобразование "double" в "T", возможна потеря данных
          with
          [
              T=float
          ]
D:\Dev\Software_architecture_lab\Software_architecture\menu_functions.cpp(259,64): warning C4244: аргумент: преобразование "double" в "T", возможна потеря данных
          with
          [
              T=float
          ]
D:\Dev\Software_architecture_lab\Software_architecture\menu_functions.cpp(262,104): warning C4244: аргумент: преобразование "double" в "T", возможна потеря данных
          with
          [
              T=float
          ]
D:\Dev\Software_architecture_lab\Software_architecture\menu_functions.cpp(262,62): warning C4244: аргумент: преобразование "double" в "T", возможна потеря данных
          with
          [
              T=float
          ]
D:\Dev\Software_architecture_lab\Software_architecture\menu_functions.cpp(264,108): warning C4244: аргумент: преобразование "double" в "T", возможна потеря данных
          with
          [
              T=float
          ]
D:\Dev\Software_architecture_lab\Software_architecture\menu_functions.cpp(264,62): warning C4244: аргумент: преобразование "double" в "T", возможна потеря данных
          with
          [
              T=float
          ]
D:\Dev\Software_architecture_lab\Software_architecture\menu_functions.cpp(271,115): warning C4244: аргумент: преобразование "double" в "T", возможна потеря данных
          with
          [
              T=float
          ]
D:\Dev\Software_architecture_lab\Software_architecture\menu_functions.cpp(271,60): warning C4244: аргумент: преобразование "double" в "T", возможна потеря данных
          with
          [
              T=float
          ]
D:\Dev\Software_architecture_lab\Software_architecture\menu_functions.cpp(273,119): warning C4244: аргумент: преобразование "double" в "T", возможна потеря данных
          with
          [
              T=float
          ]
D:\Dev\Software_architecture_lab\Software_architecture\menu_functions.cpp(273,62): warning C4244: аргумент: преобразование "double" в "T", возможна потеря данных
          with
          [
              T=float
          ]
D:\Dev\Software_architecture_lab\Software_architecture\menu_functions.cpp(280,115): warning C4244: аргумент: преобразование "double" в "T", возможна потеря данных
          with
          [
              T=float
          ]
D:\Dev\Software_architecture_lab\Software_architecture\menu_functions.cpp(280,60): warning C4244: аргумент: преобразование "double" в "T", возможна потеря данных
          with
          [
              T=float
          ]
D:\Dev\Software_architecture_lab\Software_architecture\menu_functions.cpp(282,123): warning C4244: аргумент: преобразование "double" в "T", возможна потеря данных
          with
          [
              T=float
          ]
D:\Dev\Software_architecture_lab\Software_architecture\menu_functions.cpp(282,64): warning C4244: аргумент: преобразование "double" в "T", возможна потеря данных
          with
          [
              T=float
          ]
  Software_architecture.vcxproj -> D:\Dev\Software_architecture_lab\x64\Debug\Software_architecture.exe
